2017-02-27 22:56:02 | INFO  | MLog:92 - MLog clients using log4j logging.
2017-02-27 22:56:02 | INFO  | C3P0Registry:216 - Initializing c3p0-0.9.2.1 [built 20-March-2013 10:47:27 +0000; debug? true; trace: 10]
2017-02-27 22:56:02 | INFO  | AbstractPoolBackedDataSource:522 - Initializing c3p0 pool... com.mchange.v2.c3p0.ComboPooledDataSource [ acquireIncrement -> 2, acquireRetryAttempts -> 30, acquireRetryDelay -> 1000, autoCommitOnClose -> false, automaticTestTable -> null, breakAfterAcquireFailure -> false, checkoutTimeout -> 0, connectionCustomizerClassName -> null, connectionTesterClassName -> com.mchange.v2.c3p0.impl.DefaultConnectionTester, dataSourceName -> 1bqoovk9mzomj4kbldsyb|2121d1f9, debugUnreturnedConnectionStackTraces -> false, description -> null, driverClass -> com.mysql.jdbc.Driver, factoryClassLocation -> null, forceIgnoreUnresolvedTransactions -> false, identityToken -> 1bqoovk9mzomj4kbldsyb|2121d1f9, idleConnectionTestPeriod -> 0, initialPoolSize -> 3, jdbcUrl -> jdbc:mysql://localhost:3306/rspimsv4, maxAdministrativeTaskTime -> 0, maxConnectionAge -> 0, maxIdleTime -> 600, maxIdleTimeExcessConnections -> 0, maxPoolSize -> 15, maxStatements -> 0, maxStatementsPerConnection -> 0, minPoolSize -> 5, numHelperThreads -> 3, preferredTestQuery -> null, properties -> {user=******, password=******}, propertyCycle -> 0, statementCacheNumDeferredCloseThreads -> 0, testConnectionOnCheckin -> false, testConnectionOnCheckout -> false, unreturnedConnectionTimeout -> 0, userOverrides -> {}, usesTraditionalReflectiveProxies -> false ]
2017-02-27 22:57:53 | INFO  | MLog:92 - MLog clients using log4j logging.
2017-02-27 22:57:54 | INFO  | C3P0Registry:216 - Initializing c3p0-0.9.2.1 [built 20-March-2013 10:47:27 +0000; debug? true; trace: 10]
2017-02-27 22:57:54 | INFO  | AbstractPoolBackedDataSource:522 - Initializing c3p0 pool... com.mchange.v2.c3p0.ComboPooledDataSource [ acquireIncrement -> 2, acquireRetryAttempts -> 30, acquireRetryDelay -> 1000, autoCommitOnClose -> false, automaticTestTable -> null, breakAfterAcquireFailure -> false, checkoutTimeout -> 0, connectionCustomizerClassName -> null, connectionTesterClassName -> com.mchange.v2.c3p0.impl.DefaultConnectionTester, dataSourceName -> 1bqoovk9mzoox5o6fh8wu|31e2232f, debugUnreturnedConnectionStackTraces -> false, description -> null, driverClass -> com.mysql.jdbc.Driver, factoryClassLocation -> null, forceIgnoreUnresolvedTransactions -> false, identityToken -> 1bqoovk9mzoox5o6fh8wu|31e2232f, idleConnectionTestPeriod -> 0, initialPoolSize -> 3, jdbcUrl -> jdbc:mysql://localhost:3306/rspimsv4, maxAdministrativeTaskTime -> 0, maxConnectionAge -> 0, maxIdleTime -> 600, maxIdleTimeExcessConnections -> 0, maxPoolSize -> 15, maxStatements -> 0, maxStatementsPerConnection -> 0, minPoolSize -> 5, numHelperThreads -> 3, preferredTestQuery -> null, properties -> {user=******, password=******}, propertyCycle -> 0, statementCacheNumDeferredCloseThreads -> 0, testConnectionOnCheckin -> false, testConnectionOnCheckout -> false, unreturnedConnectionTimeout -> 0, userOverrides -> {}, usesTraditionalReflectiveProxies -> false ]
2017-02-27 22:57:56 | INFO  | AbstractPoolBackedDataSource:522 - Initializing c3p0 pool... com.mchange.v2.c3p0.ComboPooledDataSource [ acquireIncrement -> 2, acquireRetryAttempts -> 30, acquireRetryDelay -> 1000, autoCommitOnClose -> false, automaticTestTable -> null, breakAfterAcquireFailure -> false, checkoutTimeout -> 0, connectionCustomizerClassName -> null, connectionTesterClassName -> com.mchange.v2.c3p0.impl.DefaultConnectionTester, dataSourceName -> 1bqoovk9mzoox5o6fh8wu|d84b3a2, debugUnreturnedConnectionStackTraces -> false, description -> null, driverClass -> com.mysql.jdbc.Driver, factoryClassLocation -> null, forceIgnoreUnresolvedTransactions -> false, identityToken -> 1bqoovk9mzoox5o6fh8wu|d84b3a2, idleConnectionTestPeriod -> 0, initialPoolSize -> 3, jdbcUrl -> jdbc:mysql://localhost:3306/rspimsv4, maxAdministrativeTaskTime -> 0, maxConnectionAge -> 0, maxIdleTime -> 600, maxIdleTimeExcessConnections -> 0, maxPoolSize -> 15, maxStatements -> 0, maxStatementsPerConnection -> 0, minPoolSize -> 5, numHelperThreads -> 3, preferredTestQuery -> null, properties -> {user=******, password=******}, propertyCycle -> 0, statementCacheNumDeferredCloseThreads -> 0, testConnectionOnCheckin -> false, testConnectionOnCheckout -> false, unreturnedConnectionTimeout -> 0, userOverrides -> {}, usesTraditionalReflectiveProxies -> false ]
2017-02-27 22:58:32 | INFO  | AuthenticationTokenFilter:83 - AUTH TOKEN					: null
2017-02-27 22:58:32 | INFO  | AuthenticationTokenFilter:84 - URL 					: http://localhost:8080/NextGenHCM/api/server/check
2017-02-27 22:58:32 | INFO  | AuthenticationTokenFilter:85 - METHOD TYPE 				: POST
2017-02-27 22:58:32 | INFO  | AuthenticationTokenFilter:86 - AUTH TYPE 					: null
2017-02-27 22:58:32 | INFO  | AuthenticationTokenFilter:90 - Request Header  			: host
2017-02-27 22:58:32 | INFO  | AuthenticationTokenFilter:90 - Request Header  			: connection
2017-02-27 22:58:32 | INFO  | AuthenticationTokenFilter:90 - Request Header  			: content-length
2017-02-27 22:58:32 | INFO  | AuthenticationTokenFilter:90 - Request Header  			: postman-token
2017-02-27 22:58:32 | INFO  | AuthenticationTokenFilter:90 - Request Header  			: cache-control
2017-02-27 22:58:32 | INFO  | AuthenticationTokenFilter:90 - Request Header  			: origin
2017-02-27 22:58:32 | INFO  | AuthenticationTokenFilter:90 - Request Header  			: user-agent
2017-02-27 22:58:32 | INFO  | AuthenticationTokenFilter:90 - Request Header  			: content-type
2017-02-27 22:58:32 | INFO  | AuthenticationTokenFilter:90 - Request Header  			: accept
2017-02-27 22:58:32 | INFO  | AuthenticationTokenFilter:90 - Request Header  			: accept-encoding
2017-02-27 22:58:32 | INFO  | AuthenticationTokenFilter:90 - Request Header  			: accept-language
2017-02-27 22:58:32 | INFO  | AuthenticationTokenFilter:103 -  Null Check null
2017-02-27 22:58:32 | INFO  | AuthenticationTokenFilter:104 -  Request Method POST
2017-02-27 22:58:32 | INFO  | AuthenticationTokenFilter:118 - Inside filter chain . . 
2017-02-27 22:58:38 | INFO  | AuthenticationTokenFilter:83 - AUTH TOKEN					: null
2017-02-27 22:58:38 | INFO  | AuthenticationTokenFilter:84 - URL 					: http://localhost:8080/NextGenHCM/api/server/check
2017-02-27 22:58:38 | INFO  | AuthenticationTokenFilter:85 - METHOD TYPE 				: GET
2017-02-27 22:58:38 | INFO  | AuthenticationTokenFilter:86 - AUTH TYPE 					: null
2017-02-27 22:58:38 | INFO  | AuthenticationTokenFilter:90 - Request Header  			: host
2017-02-27 22:58:38 | INFO  | AuthenticationTokenFilter:90 - Request Header  			: connection
2017-02-27 22:58:38 | INFO  | AuthenticationTokenFilter:90 - Request Header  			: postman-token
2017-02-27 22:58:38 | INFO  | AuthenticationTokenFilter:90 - Request Header  			: cache-control
2017-02-27 22:58:38 | INFO  | AuthenticationTokenFilter:90 - Request Header  			: user-agent
2017-02-27 22:58:38 | INFO  | AuthenticationTokenFilter:90 - Request Header  			: content-type
2017-02-27 22:58:38 | INFO  | AuthenticationTokenFilter:90 - Request Header  			: accept
2017-02-27 22:58:38 | INFO  | AuthenticationTokenFilter:90 - Request Header  			: accept-encoding
2017-02-27 22:58:38 | INFO  | AuthenticationTokenFilter:90 - Request Header  			: accept-language
2017-02-27 22:58:38 | INFO  | AuthenticationTokenFilter:103 -  Null Check null
2017-02-27 22:58:38 | INFO  | AuthenticationTokenFilter:104 -  Request Method GET
2017-02-27 22:58:38 | INFO  | AuthenticationTokenFilter:118 - Inside filter chain . . 
2017-02-28 02:41:59 | INFO  | MLog:92 - MLog clients using log4j logging.
2017-02-28 02:41:59 | INFO  | C3P0Registry:216 - Initializing c3p0-0.9.2.1 [built 20-March-2013 10:47:27 +0000; debug? true; trace: 10]
2017-02-28 02:41:59 | INFO  | AbstractPoolBackedDataSource:522 - Initializing c3p0 pool... com.mchange.v2.c3p0.ComboPooledDataSource [ acquireIncrement -> 2, acquireRetryAttempts -> 30, acquireRetryDelay -> 1000, autoCommitOnClose -> false, automaticTestTable -> null, breakAfterAcquireFailure -> false, checkoutTimeout -> 0, connectionCustomizerClassName -> null, connectionTesterClassName -> com.mchange.v2.c3p0.impl.DefaultConnectionTester, dataSourceName -> 1hge8sh9mzwp3fj1qsn9gf|59c70ceb, debugUnreturnedConnectionStackTraces -> false, description -> null, driverClass -> com.mysql.jdbc.Driver, factoryClassLocation -> null, forceIgnoreUnresolvedTransactions -> false, identityToken -> 1hge8sh9mzwp3fj1qsn9gf|59c70ceb, idleConnectionTestPeriod -> 0, initialPoolSize -> 3, jdbcUrl -> jdbc:mysql://localhost:3306/nextgen, maxAdministrativeTaskTime -> 0, maxConnectionAge -> 0, maxIdleTime -> 600, maxIdleTimeExcessConnections -> 0, maxPoolSize -> 15, maxStatements -> 0, maxStatementsPerConnection -> 0, minPoolSize -> 5, numHelperThreads -> 3, preferredTestQuery -> null, properties -> {user=******, password=******}, propertyCycle -> 0, statementCacheNumDeferredCloseThreads -> 0, testConnectionOnCheckin -> false, testConnectionOnCheckout -> false, unreturnedConnectionTimeout -> 0, userOverrides -> {}, usesTraditionalReflectiveProxies -> false ]
2017-02-28 02:42:02 | INFO  | AbstractPoolBackedDataSource:522 - Initializing c3p0 pool... com.mchange.v2.c3p0.ComboPooledDataSource [ acquireIncrement -> 2, acquireRetryAttempts -> 30, acquireRetryDelay -> 1000, autoCommitOnClose -> false, automaticTestTable -> null, breakAfterAcquireFailure -> false, checkoutTimeout -> 0, connectionCustomizerClassName -> null, connectionTesterClassName -> com.mchange.v2.c3p0.impl.DefaultConnectionTester, dataSourceName -> 1hge8sh9mzwp3fj1qsn9gf|6b16de91, debugUnreturnedConnectionStackTraces -> false, description -> null, driverClass -> com.mysql.jdbc.Driver, factoryClassLocation -> null, forceIgnoreUnresolvedTransactions -> false, identityToken -> 1hge8sh9mzwp3fj1qsn9gf|6b16de91, idleConnectionTestPeriod -> 0, initialPoolSize -> 3, jdbcUrl -> jdbc:mysql://localhost:3306/nextgen, maxAdministrativeTaskTime -> 0, maxConnectionAge -> 0, maxIdleTime -> 600, maxIdleTimeExcessConnections -> 0, maxPoolSize -> 15, maxStatements -> 0, maxStatementsPerConnection -> 0, minPoolSize -> 5, numHelperThreads -> 3, preferredTestQuery -> null, properties -> {user=******, password=******}, propertyCycle -> 0, statementCacheNumDeferredCloseThreads -> 0, testConnectionOnCheckin -> false, testConnectionOnCheckout -> false, unreturnedConnectionTimeout -> 0, userOverrides -> {}, usesTraditionalReflectiveProxies -> false ]
2017-02-28 02:42:24 | INFO  | AuthenticationTokenFilter:83 - AUTH TOKEN					: null
2017-02-28 02:42:24 | INFO  | AuthenticationTokenFilter:84 - URL 					: http://localhost:8080/NextGenHCM/api/server/check
2017-02-28 02:42:24 | INFO  | AuthenticationTokenFilter:85 - METHOD TYPE 				: GET
2017-02-28 02:42:24 | INFO  | AuthenticationTokenFilter:86 - AUTH TYPE 					: null
2017-02-28 02:42:24 | INFO  | AuthenticationTokenFilter:90 - Request Header  			: host
2017-02-28 02:42:24 | INFO  | AuthenticationTokenFilter:90 - Request Header  			: connection
2017-02-28 02:42:24 | INFO  | AuthenticationTokenFilter:90 - Request Header  			: cache-control
2017-02-28 02:42:24 | INFO  | AuthenticationTokenFilter:90 - Request Header  			: user-agent
2017-02-28 02:42:24 | INFO  | AuthenticationTokenFilter:90 - Request Header  			: postman-token
2017-02-28 02:42:24 | INFO  | AuthenticationTokenFilter:90 - Request Header  			: accept
2017-02-28 02:42:24 | INFO  | AuthenticationTokenFilter:90 - Request Header  			: dnt
2017-02-28 02:42:24 | INFO  | AuthenticationTokenFilter:90 - Request Header  			: accept-encoding
2017-02-28 02:42:24 | INFO  | AuthenticationTokenFilter:90 - Request Header  			: accept-language
2017-02-28 02:42:24 | INFO  | AuthenticationTokenFilter:103 -  Null Check null
2017-02-28 02:42:24 | INFO  | AuthenticationTokenFilter:104 -  Request Method GET
2017-02-28 02:42:24 | INFO  | AuthenticationTokenFilter:118 - Inside filter chain . . 
2017-02-28 04:04:39 | INFO  | MLog:92 - MLog clients using log4j logging.
2017-02-28 04:04:39 | INFO  | C3P0Registry:216 - Initializing c3p0-0.9.2.1 [built 20-March-2013 10:47:27 +0000; debug? true; trace: 10]
2017-02-28 04:04:40 | INFO  | AbstractPoolBackedDataSource:522 - Initializing c3p0 pool... com.mchange.v2.c3p0.ComboPooledDataSource [ acquireIncrement -> 2, acquireRetryAttempts -> 30, acquireRetryDelay -> 1000, autoCommitOnClose -> false, automaticTestTable -> null, breakAfterAcquireFailure -> false, checkoutTimeout -> 0, connectionCustomizerClassName -> null, connectionTesterClassName -> com.mchange.v2.c3p0.impl.DefaultConnectionTester, dataSourceName -> 1hge8sh9mzznf4614ly4jd|60d6fdd4, debugUnreturnedConnectionStackTraces -> false, description -> null, driverClass -> com.mysql.jdbc.Driver, factoryClassLocation -> null, forceIgnoreUnresolvedTransactions -> false, identityToken -> 1hge8sh9mzznf4614ly4jd|60d6fdd4, idleConnectionTestPeriod -> 0, initialPoolSize -> 3, jdbcUrl -> jdbc:mysql://localhost:3306/nextgen, maxAdministrativeTaskTime -> 0, maxConnectionAge -> 0, maxIdleTime -> 600, maxIdleTimeExcessConnections -> 0, maxPoolSize -> 15, maxStatements -> 0, maxStatementsPerConnection -> 0, minPoolSize -> 5, numHelperThreads -> 3, preferredTestQuery -> null, properties -> {user=******, password=******}, propertyCycle -> 0, statementCacheNumDeferredCloseThreads -> 0, testConnectionOnCheckin -> false, testConnectionOnCheckout -> false, unreturnedConnectionTimeout -> 0, userOverrides -> {}, usesTraditionalReflectiveProxies -> false ]
2017-02-28 04:04:41 | INFO  | DatabaseMetaData:147 - HHH000262: Table not found: worker
2017-02-28 04:04:41 | INFO  | DatabaseMetaData:147 - HHH000262: Table not found: worker
2017-02-28 04:04:41 | INFO  | DatabaseMetaData:147 - HHH000262: Table not found: worker
2017-02-28 04:04:43 | INFO  | AbstractPoolBackedDataSource:522 - Initializing c3p0 pool... com.mchange.v2.c3p0.ComboPooledDataSource [ acquireIncrement -> 2, acquireRetryAttempts -> 30, acquireRetryDelay -> 1000, autoCommitOnClose -> false, automaticTestTable -> null, breakAfterAcquireFailure -> false, checkoutTimeout -> 0, connectionCustomizerClassName -> null, connectionTesterClassName -> com.mchange.v2.c3p0.impl.DefaultConnectionTester, dataSourceName -> 1hge8sh9mzznf4614ly4jd|7f012923, debugUnreturnedConnectionStackTraces -> false, description -> null, driverClass -> com.mysql.jdbc.Driver, factoryClassLocation -> null, forceIgnoreUnresolvedTransactions -> false, identityToken -> 1hge8sh9mzznf4614ly4jd|7f012923, idleConnectionTestPeriod -> 0, initialPoolSize -> 3, jdbcUrl -> jdbc:mysql://localhost:3306/nextgen, maxAdministrativeTaskTime -> 0, maxConnectionAge -> 0, maxIdleTime -> 600, maxIdleTimeExcessConnections -> 0, maxPoolSize -> 15, maxStatements -> 0, maxStatementsPerConnection -> 0, minPoolSize -> 5, numHelperThreads -> 3, preferredTestQuery -> null, properties -> {user=******, password=******}, propertyCycle -> 0, statementCacheNumDeferredCloseThreads -> 0, testConnectionOnCheckin -> false, testConnectionOnCheckout -> false, unreturnedConnectionTimeout -> 0, userOverrides -> {}, usesTraditionalReflectiveProxies -> false ]
2017-02-28 04:09:54 | INFO  | MLog:92 - MLog clients using log4j logging.
2017-02-28 04:09:54 | INFO  | C3P0Registry:216 - Initializing c3p0-0.9.2.1 [built 20-March-2013 10:47:27 +0000; debug? true; trace: 10]
2017-02-28 04:09:55 | INFO  | AbstractPoolBackedDataSource:522 - Initializing c3p0 pool... com.mchange.v2.c3p0.ComboPooledDataSource [ acquireIncrement -> 2, acquireRetryAttempts -> 30, acquireRetryDelay -> 1000, autoCommitOnClose -> false, automaticTestTable -> null, breakAfterAcquireFailure -> false, checkoutTimeout -> 0, connectionCustomizerClassName -> null, connectionTesterClassName -> com.mchange.v2.c3p0.impl.DefaultConnectionTester, dataSourceName -> 1hge8sh9mzzu67l3szzak|526a9908, debugUnreturnedConnectionStackTraces -> false, description -> null, driverClass -> com.mysql.jdbc.Driver, factoryClassLocation -> null, forceIgnoreUnresolvedTransactions -> false, identityToken -> 1hge8sh9mzzu67l3szzak|526a9908, idleConnectionTestPeriod -> 0, initialPoolSize -> 3, jdbcUrl -> jdbc:mysql://localhost:3306/nextgen, maxAdministrativeTaskTime -> 0, maxConnectionAge -> 0, maxIdleTime -> 600, maxIdleTimeExcessConnections -> 0, maxPoolSize -> 15, maxStatements -> 0, maxStatementsPerConnection -> 0, minPoolSize -> 5, numHelperThreads -> 3, preferredTestQuery -> null, properties -> {user=******, password=******}, propertyCycle -> 0, statementCacheNumDeferredCloseThreads -> 0, testConnectionOnCheckin -> false, testConnectionOnCheckout -> false, unreturnedConnectionTimeout -> 0, userOverrides -> {}, usesTraditionalReflectiveProxies -> false ]
2017-02-28 04:09:58 | INFO  | AbstractPoolBackedDataSource:522 - Initializing c3p0 pool... com.mchange.v2.c3p0.ComboPooledDataSource [ acquireIncrement -> 2, acquireRetryAttempts -> 30, acquireRetryDelay -> 1000, autoCommitOnClose -> false, automaticTestTable -> null, breakAfterAcquireFailure -> false, checkoutTimeout -> 0, connectionCustomizerClassName -> null, connectionTesterClassName -> com.mchange.v2.c3p0.impl.DefaultConnectionTester, dataSourceName -> 1hge8sh9mzzu67l3szzak|2eb6d34a, debugUnreturnedConnectionStackTraces -> false, description -> null, driverClass -> com.mysql.jdbc.Driver, factoryClassLocation -> null, forceIgnoreUnresolvedTransactions -> false, identityToken -> 1hge8sh9mzzu67l3szzak|2eb6d34a, idleConnectionTestPeriod -> 0, initialPoolSize -> 3, jdbcUrl -> jdbc:mysql://localhost:3306/nextgen, maxAdministrativeTaskTime -> 0, maxConnectionAge -> 0, maxIdleTime -> 600, maxIdleTimeExcessConnections -> 0, maxPoolSize -> 15, maxStatements -> 0, maxStatementsPerConnection -> 0, minPoolSize -> 5, numHelperThreads -> 3, preferredTestQuery -> null, properties -> {user=******, password=******}, propertyCycle -> 0, statementCacheNumDeferredCloseThreads -> 0, testConnectionOnCheckin -> false, testConnectionOnCheckout -> false, unreturnedConnectionTimeout -> 0, userOverrides -> {}, usesTraditionalReflectiveProxies -> false ]
2017-02-28 04:17:24 | INFO  | EmployeeController:66 - Inside the Worker Controller...
2017-02-28 04:23:33 | INFO  | MLog:92 - MLog clients using log4j logging.
2017-02-28 04:23:33 | INFO  | C3P0Registry:216 - Initializing c3p0-0.9.2.1 [built 20-March-2013 10:47:27 +0000; debug? true; trace: 10]
2017-02-28 04:23:33 | INFO  | AbstractPoolBackedDataSource:522 - Initializing c3p0 pool... com.mchange.v2.c3p0.ComboPooledDataSource [ acquireIncrement -> 2, acquireRetryAttempts -> 30, acquireRetryDelay -> 1000, autoCommitOnClose -> false, automaticTestTable -> null, breakAfterAcquireFailure -> false, checkoutTimeout -> 0, connectionCustomizerClassName -> null, connectionTesterClassName -> com.mchange.v2.c3p0.impl.DefaultConnectionTester, dataSourceName -> 1hge8sh9m100bpizdmx8w7|2935fd2c, debugUnreturnedConnectionStackTraces -> false, description -> null, driverClass -> com.mysql.jdbc.Driver, factoryClassLocation -> null, forceIgnoreUnresolvedTransactions -> false, identityToken -> 1hge8sh9m100bpizdmx8w7|2935fd2c, idleConnectionTestPeriod -> 0, initialPoolSize -> 3, jdbcUrl -> jdbc:mysql://localhost:3306/nextgen, maxAdministrativeTaskTime -> 0, maxConnectionAge -> 0, maxIdleTime -> 600, maxIdleTimeExcessConnections -> 0, maxPoolSize -> 15, maxStatements -> 0, maxStatementsPerConnection -> 0, minPoolSize -> 5, numHelperThreads -> 3, preferredTestQuery -> null, properties -> {user=******, password=******}, propertyCycle -> 0, statementCacheNumDeferredCloseThreads -> 0, testConnectionOnCheckin -> false, testConnectionOnCheckout -> false, unreturnedConnectionTimeout -> 0, userOverrides -> {}, usesTraditionalReflectiveProxies -> false ]
2017-02-28 04:23:36 | INFO  | AbstractPoolBackedDataSource:522 - Initializing c3p0 pool... com.mchange.v2.c3p0.ComboPooledDataSource [ acquireIncrement -> 2, acquireRetryAttempts -> 30, acquireRetryDelay -> 1000, autoCommitOnClose -> false, automaticTestTable -> null, breakAfterAcquireFailure -> false, checkoutTimeout -> 0, connectionCustomizerClassName -> null, connectionTesterClassName -> com.mchange.v2.c3p0.impl.DefaultConnectionTester, dataSourceName -> 1hge8sh9m100bpizdmx8w7|7f5e6833, debugUnreturnedConnectionStackTraces -> false, description -> null, driverClass -> com.mysql.jdbc.Driver, factoryClassLocation -> null, forceIgnoreUnresolvedTransactions -> false, identityToken -> 1hge8sh9m100bpizdmx8w7|7f5e6833, idleConnectionTestPeriod -> 0, initialPoolSize -> 3, jdbcUrl -> jdbc:mysql://localhost:3306/nextgen, maxAdministrativeTaskTime -> 0, maxConnectionAge -> 0, maxIdleTime -> 600, maxIdleTimeExcessConnections -> 0, maxPoolSize -> 15, maxStatements -> 0, maxStatementsPerConnection -> 0, minPoolSize -> 5, numHelperThreads -> 3, preferredTestQuery -> null, properties -> {user=******, password=******}, propertyCycle -> 0, statementCacheNumDeferredCloseThreads -> 0, testConnectionOnCheckin -> false, testConnectionOnCheckout -> false, unreturnedConnectionTimeout -> 0, userOverrides -> {}, usesTraditionalReflectiveProxies -> false ]
2017-02-28 04:23:52 | INFO  | EmployeeController:69 - Inside the Worker Controller...
2017-02-28 04:23:52 | INFO  | Utility:83 - Generated Random Hex String is  :  0120C44DA7
2017-02-28 04:25:11 | INFO  | EmployeeController:69 - Inside the Worker Controller...
2017-02-28 04:39:36 | INFO  | MLog:92 - MLog clients using log4j logging.
2017-02-28 04:39:36 | INFO  | C3P0Registry:216 - Initializing c3p0-0.9.2.1 [built 20-March-2013 10:47:27 +0000; debug? true; trace: 10]
2017-02-28 04:39:37 | INFO  | AbstractPoolBackedDataSource:522 - Initializing c3p0 pool... com.mchange.v2.c3p0.ComboPooledDataSource [ acquireIncrement -> 2, acquireRetryAttempts -> 30, acquireRetryDelay -> 1000, autoCommitOnClose -> false, automaticTestTable -> null, breakAfterAcquireFailure -> false, checkoutTimeout -> 0, connectionCustomizerClassName -> null, connectionTesterClassName -> com.mchange.v2.c3p0.impl.DefaultConnectionTester, dataSourceName -> 1hge8sh9m100wd04prctni|51a18b21, debugUnreturnedConnectionStackTraces -> false, description -> null, driverClass -> com.mysql.jdbc.Driver, factoryClassLocation -> null, forceIgnoreUnresolvedTransactions -> false, identityToken -> 1hge8sh9m100wd04prctni|51a18b21, idleConnectionTestPeriod -> 0, initialPoolSize -> 3, jdbcUrl -> jdbc:mysql://localhost:3306/nextgen, maxAdministrativeTaskTime -> 0, maxConnectionAge -> 0, maxIdleTime -> 600, maxIdleTimeExcessConnections -> 0, maxPoolSize -> 15, maxStatements -> 0, maxStatementsPerConnection -> 0, minPoolSize -> 5, numHelperThreads -> 3, preferredTestQuery -> null, properties -> {user=******, password=******}, propertyCycle -> 0, statementCacheNumDeferredCloseThreads -> 0, testConnectionOnCheckin -> false, testConnectionOnCheckout -> false, unreturnedConnectionTimeout -> 0, userOverrides -> {}, usesTraditionalReflectiveProxies -> false ]
2017-02-28 04:39:40 | INFO  | AbstractPoolBackedDataSource:522 - Initializing c3p0 pool... com.mchange.v2.c3p0.ComboPooledDataSource [ acquireIncrement -> 2, acquireRetryAttempts -> 30, acquireRetryDelay -> 1000, autoCommitOnClose -> false, automaticTestTable -> null, breakAfterAcquireFailure -> false, checkoutTimeout -> 0, connectionCustomizerClassName -> null, connectionTesterClassName -> com.mchange.v2.c3p0.impl.DefaultConnectionTester, dataSourceName -> 1hge8sh9m100wd04prctni|382d549a, debugUnreturnedConnectionStackTraces -> false, description -> null, driverClass -> com.mysql.jdbc.Driver, factoryClassLocation -> null, forceIgnoreUnresolvedTransactions -> false, identityToken -> 1hge8sh9m100wd04prctni|382d549a, idleConnectionTestPeriod -> 0, initialPoolSize -> 3, jdbcUrl -> jdbc:mysql://localhost:3306/nextgen, maxAdministrativeTaskTime -> 0, maxConnectionAge -> 0, maxIdleTime -> 600, maxIdleTimeExcessConnections -> 0, maxPoolSize -> 15, maxStatements -> 0, maxStatementsPerConnection -> 0, minPoolSize -> 5, numHelperThreads -> 3, preferredTestQuery -> null, properties -> {user=******, password=******}, propertyCycle -> 0, statementCacheNumDeferredCloseThreads -> 0, testConnectionOnCheckin -> false, testConnectionOnCheckout -> false, unreturnedConnectionTimeout -> 0, userOverrides -> {}, usesTraditionalReflectiveProxies -> false ]
2017-02-28 04:39:44 | INFO  | EmployeeController:69 - Inside the Worker Controller...
2017-02-28 04:40:21 | INFO  | AuthenticationTokenFilter:83 - AUTH TOKEN					: null
2017-02-28 04:40:21 | INFO  | AuthenticationTokenFilter:84 - URL 					: http://localhost:8080/NextGenHCM/api/update/employee
2017-02-28 04:40:21 | INFO  | AuthenticationTokenFilter:85 - METHOD TYPE 				: POST
2017-02-28 04:40:21 | INFO  | AuthenticationTokenFilter:86 - AUTH TYPE 					: null
2017-02-28 04:40:21 | INFO  | AuthenticationTokenFilter:90 - Request Header  			: host
2017-02-28 04:40:21 | INFO  | AuthenticationTokenFilter:90 - Request Header  			: connection
2017-02-28 04:40:21 | INFO  | AuthenticationTokenFilter:90 - Request Header  			: content-length
2017-02-28 04:40:21 | INFO  | AuthenticationTokenFilter:90 - Request Header  			: postman-token
2017-02-28 04:40:21 | INFO  | AuthenticationTokenFilter:90 - Request Header  			: cache-control
2017-02-28 04:40:21 | INFO  | AuthenticationTokenFilter:90 - Request Header  			: origin
2017-02-28 04:40:21 | INFO  | AuthenticationTokenFilter:90 - Request Header  			: user-agent
2017-02-28 04:40:21 | INFO  | AuthenticationTokenFilter:90 - Request Header  			: content-type
2017-02-28 04:40:21 | INFO  | AuthenticationTokenFilter:90 - Request Header  			: accept
2017-02-28 04:40:21 | INFO  | AuthenticationTokenFilter:90 - Request Header  			: dnt
2017-02-28 04:40:21 | INFO  | AuthenticationTokenFilter:90 - Request Header  			: accept-encoding
2017-02-28 04:40:21 | INFO  | AuthenticationTokenFilter:90 - Request Header  			: accept-language
2017-02-28 04:40:21 | INFO  | AuthenticationTokenFilter:103 -  Null Check null
2017-02-28 04:40:21 | INFO  | AuthenticationTokenFilter:104 -  Request Method POST
2017-02-28 04:40:21 | INFO  | AuthenticationTokenFilter:118 - Inside filter chain . . 
2017-02-28 04:40:22 | INFO  | EmployeeController:102 - Inside the Worker Controller...
2017-02-28 04:54:21 | INFO  | MLog:92 - MLog clients using log4j logging.
2017-02-28 04:54:21 | INFO  | C3P0Registry:216 - Initializing c3p0-0.9.2.1 [built 20-March-2013 10:47:27 +0000; debug? true; trace: 10]
2017-02-28 04:54:23 | INFO  | AbstractPoolBackedDataSource:522 - Initializing c3p0 pool... com.mchange.v2.c3p0.ComboPooledDataSource [ acquireIncrement -> 2, acquireRetryAttempts -> 30, acquireRetryDelay -> 1000, autoCommitOnClose -> false, automaticTestTable -> null, breakAfterAcquireFailure -> false, checkoutTimeout -> 0, connectionCustomizerClassName -> null, connectionTesterClassName -> com.mchange.v2.c3p0.impl.DefaultConnectionTester, dataSourceName -> 1hge8sh9m101fbyz1pkcvtt|66f28a1f, debugUnreturnedConnectionStackTraces -> false, description -> null, driverClass -> com.mysql.jdbc.Driver, factoryClassLocation -> null, forceIgnoreUnresolvedTransactions -> false, identityToken -> 1hge8sh9m101fbyz1pkcvtt|66f28a1f, idleConnectionTestPeriod -> 0, initialPoolSize -> 3, jdbcUrl -> jdbc:mysql://localhost:3306/nextgen, maxAdministrativeTaskTime -> 0, maxConnectionAge -> 0, maxIdleTime -> 600, maxIdleTimeExcessConnections -> 0, maxPoolSize -> 15, maxStatements -> 0, maxStatementsPerConnection -> 0, minPoolSize -> 5, numHelperThreads -> 3, preferredTestQuery -> null, properties -> {user=******, password=******}, propertyCycle -> 0, statementCacheNumDeferredCloseThreads -> 0, testConnectionOnCheckin -> false, testConnectionOnCheckout -> false, unreturnedConnectionTimeout -> 0, userOverrides -> {}, usesTraditionalReflectiveProxies -> false ]
2017-02-28 04:54:29 | INFO  | AbstractPoolBackedDataSource:522 - Initializing c3p0 pool... com.mchange.v2.c3p0.ComboPooledDataSource [ acquireIncrement -> 2, acquireRetryAttempts -> 30, acquireRetryDelay -> 1000, autoCommitOnClose -> false, automaticTestTable -> null, breakAfterAcquireFailure -> false, checkoutTimeout -> 0, connectionCustomizerClassName -> null, connectionTesterClassName -> com.mchange.v2.c3p0.impl.DefaultConnectionTester, dataSourceName -> 1hge8sh9m101fbyz1pkcvtt|37d6dddc, debugUnreturnedConnectionStackTraces -> false, description -> null, driverClass -> com.mysql.jdbc.Driver, factoryClassLocation -> null, forceIgnoreUnresolvedTransactions -> false, identityToken -> 1hge8sh9m101fbyz1pkcvtt|37d6dddc, idleConnectionTestPeriod -> 0, initialPoolSize -> 3, jdbcUrl -> jdbc:mysql://localhost:3306/nextgen, maxAdministrativeTaskTime -> 0, maxConnectionAge -> 0, maxIdleTime -> 600, maxIdleTimeExcessConnections -> 0, maxPoolSize -> 15, maxStatements -> 0, maxStatementsPerConnection -> 0, minPoolSize -> 5, numHelperThreads -> 3, preferredTestQuery -> null, properties -> {user=******, password=******}, propertyCycle -> 0, statementCacheNumDeferredCloseThreads -> 0, testConnectionOnCheckin -> false, testConnectionOnCheckout -> false, unreturnedConnectionTimeout -> 0, userOverrides -> {}, usesTraditionalReflectiveProxies -> false ]
2017-02-28 04:54:35 | INFO  | EmployeeController:69 - Inside the Worker Controller...
2017-02-28 04:54:52 | INFO  | AuthenticationTokenFilter:83 - AUTH TOKEN					: null
2017-02-28 04:54:52 | INFO  | AuthenticationTokenFilter:84 - URL 					: http://localhost:8080/NextGenHCM/api/update/employee
2017-02-28 04:54:52 | INFO  | AuthenticationTokenFilter:85 - METHOD TYPE 				: POST
2017-02-28 04:54:52 | INFO  | AuthenticationTokenFilter:86 - AUTH TYPE 					: null
2017-02-28 04:54:52 | INFO  | AuthenticationTokenFilter:90 - Request Header  			: host
2017-02-28 04:54:52 | INFO  | AuthenticationTokenFilter:90 - Request Header  			: connection
2017-02-28 04:54:52 | INFO  | AuthenticationTokenFilter:90 - Request Header  			: content-length
2017-02-28 04:54:52 | INFO  | AuthenticationTokenFilter:90 - Request Header  			: postman-token
2017-02-28 04:54:52 | INFO  | AuthenticationTokenFilter:90 - Request Header  			: cache-control
2017-02-28 04:54:52 | INFO  | AuthenticationTokenFilter:90 - Request Header  			: origin
2017-02-28 04:54:52 | INFO  | AuthenticationTokenFilter:90 - Request Header  			: user-agent
2017-02-28 04:54:52 | INFO  | AuthenticationTokenFilter:90 - Request Header  			: content-type
2017-02-28 04:54:52 | INFO  | AuthenticationTokenFilter:90 - Request Header  			: accept
2017-02-28 04:54:52 | INFO  | AuthenticationTokenFilter:90 - Request Header  			: dnt
2017-02-28 04:54:52 | INFO  | AuthenticationTokenFilter:90 - Request Header  			: accept-encoding
2017-02-28 04:54:52 | INFO  | AuthenticationTokenFilter:90 - Request Header  			: accept-language
2017-02-28 04:54:52 | INFO  | AuthenticationTokenFilter:103 -  Null Check null
2017-02-28 04:54:52 | INFO  | AuthenticationTokenFilter:104 -  Request Method POST
2017-02-28 04:54:52 | INFO  | AuthenticationTokenFilter:118 - Inside filter chain . . 
2017-02-28 04:54:52 | INFO  | EmployeeController:102 - Inside the Worker Controller...
2017-02-28 04:58:54 | INFO  | MLog:92 - MLog clients using log4j logging.
2017-02-28 04:58:54 | INFO  | C3P0Registry:216 - Initializing c3p0-0.9.2.1 [built 20-March-2013 10:47:27 +0000; debug? true; trace: 10]
2017-02-28 04:58:55 | INFO  | AbstractPoolBackedDataSource:522 - Initializing c3p0 pool... com.mchange.v2.c3p0.ComboPooledDataSource [ acquireIncrement -> 2, acquireRetryAttempts -> 30, acquireRetryDelay -> 1000, autoCommitOnClose -> false, automaticTestTable -> null, breakAfterAcquireFailure -> false, checkoutTimeout -> 0, connectionCustomizerClassName -> null, connectionTesterClassName -> com.mchange.v2.c3p0.impl.DefaultConnectionTester, dataSourceName -> 1hge8sh9m101l6gf1lqdxds|51a18b21, debugUnreturnedConnectionStackTraces -> false, description -> null, driverClass -> com.mysql.jdbc.Driver, factoryClassLocation -> null, forceIgnoreUnresolvedTransactions -> false, identityToken -> 1hge8sh9m101l6gf1lqdxds|51a18b21, idleConnectionTestPeriod -> 0, initialPoolSize -> 3, jdbcUrl -> jdbc:mysql://localhost:3306/nextgen, maxAdministrativeTaskTime -> 0, maxConnectionAge -> 0, maxIdleTime -> 600, maxIdleTimeExcessConnections -> 0, maxPoolSize -> 15, maxStatements -> 0, maxStatementsPerConnection -> 0, minPoolSize -> 5, numHelperThreads -> 3, preferredTestQuery -> null, properties -> {user=******, password=******}, propertyCycle -> 0, statementCacheNumDeferredCloseThreads -> 0, testConnectionOnCheckin -> false, testConnectionOnCheckout -> false, unreturnedConnectionTimeout -> 0, userOverrides -> {}, usesTraditionalReflectiveProxies -> false ]
2017-02-28 04:58:59 | INFO  | AbstractPoolBackedDataSource:522 - Initializing c3p0 pool... com.mchange.v2.c3p0.ComboPooledDataSource [ acquireIncrement -> 2, acquireRetryAttempts -> 30, acquireRetryDelay -> 1000, autoCommitOnClose -> false, automaticTestTable -> null, breakAfterAcquireFailure -> false, checkoutTimeout -> 0, connectionCustomizerClassName -> null, connectionTesterClassName -> com.mchange.v2.c3p0.impl.DefaultConnectionTester, dataSourceName -> 1hge8sh9m101l6gf1lqdxds|382d549a, debugUnreturnedConnectionStackTraces -> false, description -> null, driverClass -> com.mysql.jdbc.Driver, factoryClassLocation -> null, forceIgnoreUnresolvedTransactions -> false, identityToken -> 1hge8sh9m101l6gf1lqdxds|382d549a, idleConnectionTestPeriod -> 0, initialPoolSize -> 3, jdbcUrl -> jdbc:mysql://localhost:3306/nextgen, maxAdministrativeTaskTime -> 0, maxConnectionAge -> 0, maxIdleTime -> 600, maxIdleTimeExcessConnections -> 0, maxPoolSize -> 15, maxStatements -> 0, maxStatementsPerConnection -> 0, minPoolSize -> 5, numHelperThreads -> 3, preferredTestQuery -> null, properties -> {user=******, password=******}, propertyCycle -> 0, statementCacheNumDeferredCloseThreads -> 0, testConnectionOnCheckin -> false, testConnectionOnCheckout -> false, unreturnedConnectionTimeout -> 0, userOverrides -> {}, usesTraditionalReflectiveProxies -> false ]
2017-02-28 04:59:01 | INFO  | AuthenticationTokenFilter:83 - AUTH TOKEN					: null
2017-02-28 04:59:01 | INFO  | AuthenticationTokenFilter:84 - URL 					: http://localhost:8080/NextGenHCM/api/update/employee
2017-02-28 04:59:01 | INFO  | AuthenticationTokenFilter:85 - METHOD TYPE 				: POST
2017-02-28 04:59:01 | INFO  | AuthenticationTokenFilter:86 - AUTH TYPE 					: null
2017-02-28 04:59:01 | INFO  | AuthenticationTokenFilter:90 - Request Header  			: host
2017-02-28 04:59:01 | INFO  | AuthenticationTokenFilter:90 - Request Header  			: connection
2017-02-28 04:59:01 | INFO  | AuthenticationTokenFilter:90 - Request Header  			: content-length
2017-02-28 04:59:01 | INFO  | AuthenticationTokenFilter:90 - Request Header  			: postman-token
2017-02-28 04:59:01 | INFO  | AuthenticationTokenFilter:90 - Request Header  			: cache-control
2017-02-28 04:59:01 | INFO  | AuthenticationTokenFilter:90 - Request Header  			: origin
2017-02-28 04:59:01 | INFO  | AuthenticationTokenFilter:90 - Request Header  			: user-agent
2017-02-28 04:59:01 | INFO  | AuthenticationTokenFilter:90 - Request Header  			: content-type
2017-02-28 04:59:01 | INFO  | AuthenticationTokenFilter:90 - Request Header  			: accept
2017-02-28 04:59:01 | INFO  | AuthenticationTokenFilter:90 - Request Header  			: dnt
2017-02-28 04:59:01 | INFO  | AuthenticationTokenFilter:90 - Request Header  			: accept-encoding
2017-02-28 04:59:01 | INFO  | AuthenticationTokenFilter:90 - Request Header  			: accept-language
2017-02-28 04:59:01 | INFO  | AuthenticationTokenFilter:103 -  Null Check null
2017-02-28 04:59:01 | INFO  | AuthenticationTokenFilter:104 -  Request Method POST
2017-02-28 04:59:01 | INFO  | AuthenticationTokenFilter:118 - Inside filter chain . . 
2017-02-28 04:59:01 | INFO  | EmployeeController:102 - Inside the Worker Controller...
2017-02-28 04:59:49 | INFO  | AuthenticationTokenFilter:83 - AUTH TOKEN					: null
2017-02-28 04:59:49 | INFO  | AuthenticationTokenFilter:84 - URL 					: http://localhost:8080/NextGenHCM/api/update/employee
2017-02-28 04:59:49 | INFO  | AuthenticationTokenFilter:85 - METHOD TYPE 				: POST
2017-02-28 04:59:49 | INFO  | AuthenticationTokenFilter:86 - AUTH TYPE 					: null
2017-02-28 04:59:49 | INFO  | AuthenticationTokenFilter:90 - Request Header  			: host
2017-02-28 04:59:49 | INFO  | AuthenticationTokenFilter:90 - Request Header  			: connection
2017-02-28 04:59:49 | INFO  | AuthenticationTokenFilter:90 - Request Header  			: content-length
2017-02-28 04:59:49 | INFO  | AuthenticationTokenFilter:90 - Request Header  			: postman-token
2017-02-28 04:59:49 | INFO  | AuthenticationTokenFilter:90 - Request Header  			: cache-control
2017-02-28 04:59:49 | INFO  | AuthenticationTokenFilter:90 - Request Header  			: origin
2017-02-28 04:59:49 | INFO  | AuthenticationTokenFilter:90 - Request Header  			: user-agent
2017-02-28 04:59:49 | INFO  | AuthenticationTokenFilter:90 - Request Header  			: content-type
2017-02-28 04:59:49 | INFO  | AuthenticationTokenFilter:90 - Request Header  			: accept
2017-02-28 04:59:49 | INFO  | AuthenticationTokenFilter:90 - Request Header  			: dnt
2017-02-28 04:59:49 | INFO  | AuthenticationTokenFilter:90 - Request Header  			: accept-encoding
2017-02-28 04:59:49 | INFO  | AuthenticationTokenFilter:90 - Request Header  			: accept-language
2017-02-28 04:59:49 | INFO  | AuthenticationTokenFilter:103 -  Null Check null
2017-02-28 04:59:49 | INFO  | AuthenticationTokenFilter:104 -  Request Method POST
2017-02-28 04:59:49 | INFO  | AuthenticationTokenFilter:118 - Inside filter chain . . 
2017-02-28 04:59:49 | INFO  | EmployeeController:102 - Inside the Worker Controller...
2017-02-28 05:01:24 | INFO  | MLog:92 - MLog clients using log4j logging.
2017-02-28 05:01:24 | INFO  | C3P0Registry:216 - Initializing c3p0-0.9.2.1 [built 20-March-2013 10:47:27 +0000; debug? true; trace: 10]
2017-02-28 05:01:24 | INFO  | AbstractPoolBackedDataSource:522 - Initializing c3p0 pool... com.mchange.v2.c3p0.ComboPooledDataSource [ acquireIncrement -> 2, acquireRetryAttempts -> 30, acquireRetryDelay -> 1000, autoCommitOnClose -> false, automaticTestTable -> null, breakAfterAcquireFailure -> false, checkoutTimeout -> 0, connectionCustomizerClassName -> null, connectionTesterClassName -> com.mchange.v2.c3p0.impl.DefaultConnectionTester, dataSourceName -> 1hge8sh9m101oe6y1jsnzl1|18137eab, debugUnreturnedConnectionStackTraces -> false, description -> null, driverClass -> com.mysql.jdbc.Driver, factoryClassLocation -> null, forceIgnoreUnresolvedTransactions -> false, identityToken -> 1hge8sh9m101oe6y1jsnzl1|18137eab, idleConnectionTestPeriod -> 0, initialPoolSize -> 3, jdbcUrl -> jdbc:mysql://localhost:3306/nextgen, maxAdministrativeTaskTime -> 0, maxConnectionAge -> 0, maxIdleTime -> 600, maxIdleTimeExcessConnections -> 0, maxPoolSize -> 15, maxStatements -> 0, maxStatementsPerConnection -> 0, minPoolSize -> 5, numHelperThreads -> 3, preferredTestQuery -> null, properties -> {user=******, password=******}, propertyCycle -> 0, statementCacheNumDeferredCloseThreads -> 0, testConnectionOnCheckin -> false, testConnectionOnCheckout -> false, unreturnedConnectionTimeout -> 0, userOverrides -> {}, usesTraditionalReflectiveProxies -> false ]
2017-02-28 05:01:27 | INFO  | AbstractPoolBackedDataSource:522 - Initializing c3p0 pool... com.mchange.v2.c3p0.ComboPooledDataSource [ acquireIncrement -> 2, acquireRetryAttempts -> 30, acquireRetryDelay -> 1000, autoCommitOnClose -> false, automaticTestTable -> null, breakAfterAcquireFailure -> false, checkoutTimeout -> 0, connectionCustomizerClassName -> null, connectionTesterClassName -> com.mchange.v2.c3p0.impl.DefaultConnectionTester, dataSourceName -> 1hge8sh9m101oe6y1jsnzl1|7f012923, debugUnreturnedConnectionStackTraces -> false, description -> null, driverClass -> com.mysql.jdbc.Driver, factoryClassLocation -> null, forceIgnoreUnresolvedTransactions -> false, identityToken -> 1hge8sh9m101oe6y1jsnzl1|7f012923, idleConnectionTestPeriod -> 0, initialPoolSize -> 3, jdbcUrl -> jdbc:mysql://localhost:3306/nextgen, maxAdministrativeTaskTime -> 0, maxConnectionAge -> 0, maxIdleTime -> 600, maxIdleTimeExcessConnections -> 0, maxPoolSize -> 15, maxStatements -> 0, maxStatementsPerConnection -> 0, minPoolSize -> 5, numHelperThreads -> 3, preferredTestQuery -> null, properties -> {user=******, password=******}, propertyCycle -> 0, statementCacheNumDeferredCloseThreads -> 0, testConnectionOnCheckin -> false, testConnectionOnCheckout -> false, unreturnedConnectionTimeout -> 0, userOverrides -> {}, usesTraditionalReflectiveProxies -> false ]
2017-02-28 05:01:40 | INFO  | AuthenticationTokenFilter:83 - AUTH TOKEN					: null
2017-02-28 05:01:40 | INFO  | AuthenticationTokenFilter:84 - URL 					: http://localhost:8080/NextGenHCM/api/update/employee
2017-02-28 05:01:40 | INFO  | AuthenticationTokenFilter:85 - METHOD TYPE 				: POST
2017-02-28 05:01:40 | INFO  | AuthenticationTokenFilter:86 - AUTH TYPE 					: null
2017-02-28 05:01:40 | INFO  | AuthenticationTokenFilter:90 - Request Header  			: host
2017-02-28 05:01:40 | INFO  | AuthenticationTokenFilter:90 - Request Header  			: connection
2017-02-28 05:01:40 | INFO  | AuthenticationTokenFilter:90 - Request Header  			: content-length
2017-02-28 05:01:40 | INFO  | AuthenticationTokenFilter:90 - Request Header  			: postman-token
2017-02-28 05:01:40 | INFO  | AuthenticationTokenFilter:90 - Request Header  			: cache-control
2017-02-28 05:01:40 | INFO  | AuthenticationTokenFilter:90 - Request Header  			: origin
2017-02-28 05:01:40 | INFO  | AuthenticationTokenFilter:90 - Request Header  			: user-agent
2017-02-28 05:01:40 | INFO  | AuthenticationTokenFilter:90 - Request Header  			: content-type
2017-02-28 05:01:40 | INFO  | AuthenticationTokenFilter:90 - Request Header  			: accept
2017-02-28 05:01:40 | INFO  | AuthenticationTokenFilter:90 - Request Header  			: dnt
2017-02-28 05:01:40 | INFO  | AuthenticationTokenFilter:90 - Request Header  			: accept-encoding
2017-02-28 05:01:40 | INFO  | AuthenticationTokenFilter:90 - Request Header  			: accept-language
2017-02-28 05:01:40 | INFO  | AuthenticationTokenFilter:103 -  Null Check null
2017-02-28 05:01:40 | INFO  | AuthenticationTokenFilter:104 -  Request Method POST
2017-02-28 05:01:40 | INFO  | AuthenticationTokenFilter:118 - Inside filter chain . . 
2017-02-28 05:01:40 | INFO  | EmployeeController:102 - Inside the Worker Controller...
2017-02-28 05:02:12 | INFO  | EmployeeController:69 - Inside the Worker Controller...
2017-02-28 05:02:12 | INFO  | Utility:83 - Generated Random Hex String is  :  72961FBC79
2017-02-28 05:03:15 | INFO  | AuthenticationTokenFilter:83 - AUTH TOKEN					: null
2017-02-28 05:03:15 | INFO  | AuthenticationTokenFilter:84 - URL 					: http://localhost:8080/NextGenHCM/api/update/employee
2017-02-28 05:03:15 | INFO  | AuthenticationTokenFilter:85 - METHOD TYPE 				: POST
2017-02-28 05:03:15 | INFO  | AuthenticationTokenFilter:86 - AUTH TYPE 					: null
2017-02-28 05:03:15 | INFO  | AuthenticationTokenFilter:90 - Request Header  			: host
2017-02-28 05:03:15 | INFO  | AuthenticationTokenFilter:90 - Request Header  			: connection
2017-02-28 05:03:15 | INFO  | AuthenticationTokenFilter:90 - Request Header  			: content-length
2017-02-28 05:03:15 | INFO  | AuthenticationTokenFilter:90 - Request Header  			: postman-token
2017-02-28 05:03:15 | INFO  | AuthenticationTokenFilter:90 - Request Header  			: cache-control
2017-02-28 05:03:15 | INFO  | AuthenticationTokenFilter:90 - Request Header  			: origin
2017-02-28 05:03:15 | INFO  | AuthenticationTokenFilter:90 - Request Header  			: user-agent
2017-02-28 05:03:15 | INFO  | AuthenticationTokenFilter:90 - Request Header  			: content-type
2017-02-28 05:03:15 | INFO  | AuthenticationTokenFilter:90 - Request Header  			: accept
2017-02-28 05:03:15 | INFO  | AuthenticationTokenFilter:90 - Request Header  			: dnt
2017-02-28 05:03:15 | INFO  | AuthenticationTokenFilter:90 - Request Header  			: accept-encoding
2017-02-28 05:03:15 | INFO  | AuthenticationTokenFilter:90 - Request Header  			: accept-language
2017-02-28 05:03:15 | INFO  | AuthenticationTokenFilter:103 -  Null Check null
2017-02-28 05:03:15 | INFO  | AuthenticationTokenFilter:104 -  Request Method POST
2017-02-28 05:03:15 | INFO  | AuthenticationTokenFilter:118 - Inside filter chain . . 
2017-02-28 05:03:15 | INFO  | EmployeeController:102 - Inside the Worker Controller...
2017-02-28 05:03:26 | INFO  | AuthenticationTokenFilter:83 - AUTH TOKEN					: null
2017-02-28 05:03:26 | INFO  | AuthenticationTokenFilter:84 - URL 					: http://localhost:8080/NextGenHCM/api/update/employee
2017-02-28 05:03:26 | INFO  | AuthenticationTokenFilter:85 - METHOD TYPE 				: POST
2017-02-28 05:03:26 | INFO  | AuthenticationTokenFilter:86 - AUTH TYPE 					: null
2017-02-28 05:03:26 | INFO  | AuthenticationTokenFilter:90 - Request Header  			: host
2017-02-28 05:03:26 | INFO  | AuthenticationTokenFilter:90 - Request Header  			: connection
2017-02-28 05:03:26 | INFO  | AuthenticationTokenFilter:90 - Request Header  			: content-length
2017-02-28 05:03:26 | INFO  | AuthenticationTokenFilter:90 - Request Header  			: postman-token
2017-02-28 05:03:26 | INFO  | AuthenticationTokenFilter:90 - Request Header  			: cache-control
2017-02-28 05:03:26 | INFO  | AuthenticationTokenFilter:90 - Request Header  			: origin
2017-02-28 05:03:26 | INFO  | AuthenticationTokenFilter:90 - Request Header  			: user-agent
2017-02-28 05:03:26 | INFO  | AuthenticationTokenFilter:90 - Request Header  			: content-type
2017-02-28 05:03:26 | INFO  | AuthenticationTokenFilter:90 - Request Header  			: accept
2017-02-28 05:03:26 | INFO  | AuthenticationTokenFilter:90 - Request Header  			: dnt
2017-02-28 05:03:26 | INFO  | AuthenticationTokenFilter:90 - Request Header  			: accept-encoding
2017-02-28 05:03:26 | INFO  | AuthenticationTokenFilter:90 - Request Header  			: accept-language
2017-02-28 05:03:26 | INFO  | AuthenticationTokenFilter:103 -  Null Check null
2017-02-28 05:03:26 | INFO  | AuthenticationTokenFilter:104 -  Request Method POST
2017-02-28 05:03:26 | INFO  | AuthenticationTokenFilter:118 - Inside filter chain . . 
2017-02-28 05:03:26 | INFO  | EmployeeController:102 - Inside the Worker Controller...
